# JRE version: 7.0_04-b20
# Java VM: Java HotSpot(TM) Client VM (23.0-b21 mixed mode, sharing windows-x86 )
Heap
 def new generation   total 4928K, used 2081K [0x23870000, 0x23dc0000, 0x28dc0000)
  eden space 4416K,  45% used [0x23870000, 0x23a68a00, 0x23cc0000)
  from space 512K,  12% used [0x23d40000, 0x23d4fd90, 0x23dc0000)
  to   space 512K,   0% used [0x23cc0000, 0x23cc0000, 0x23d40000)
 tenured generation   total 10944K, used 5976K [0x28dc0000, 0x29870000, 0x33870000)
   the space 10944K,  54% used [0x28dc0000, 0x293960e8, 0x29396200, 0x29870000)
 compacting perm gen  total 12288K, used 3989K [0x33870000, 0x34470000, 0x37870000)
   the space 12288K,  32% used [0x33870000, 0x33c55590, 0x33c55600, 0x34470000)
    ro space 10240K,  45% used [0x37870000, 0x37cf3958, 0x37cf3a00, 0x38270000)
    rw space 12288K,  54% used [0x38270000, 0x388f7498, 0x388f7600, 0x38e70000)
GC Heap History (10 events):
Event: 20.258 GC heap before
{Heap before GC invocations=407 (full 0):
 def new generation   total 4928K, used 4470K [0x23870000, 0x23dc0000, 0x28dc0000)
  eden space 4416K, 100% used [0x23870000, 0x23cc0000, 0x23cc0000)
  from space 512K,  10% used [0x23d40000, 0x23d4d9c0, 0x23dc0000)
  to   space 512K,   0% used [0x23cc0000, 0x23cc0000, 0x23d40000)
 tenured generation   total 10944K, used 5926K [0x28dc0000, 0x29870000, 0x33870000)
   the space 10944K,  54% used [0x28dc0000, 0x29389bc0, 0x29389c00, 0x29870000)
 compacting perm gen  total 12288K, used 3989K [0x33870000, 0x34470000, 0x37870000)
   the space 12288K,  32% used [0x33870000, 0x33c55590, 0x33c55600, 0x34470000)
    ro space 10240K,  45% used [0x37870000, 0x37cf3958, 0x37cf3a00, 0x38270000)
    rw space 12288K,  54% used [0x38270000, 0x388f7498, 0x388f7600, 0x38e70000)
Event: 20.259 GC heap after
Heap after GC invocations=408 (full 0):
 def new generation   total 4928K, used 54K [0x23870000, 0x23dc0000, 0x28dc0000)
  eden space 4416K,   0% used [0x23870000, 0x23870000, 0x23cc0000)
  from space 512K,  10% used [0x23cc0000, 0x23ccd980, 0x23d40000)
  to   space 512K,   0% used [0x23d40000, 0x23d40000, 0x23dc0000)
 tenured generation   total 10944K, used 5930K [0x28dc0000, 0x29870000, 0x33870000)
   the space 10944K,  54% used [0x28dc0000, 0x2938a880, 0x2938aa00, 0x29870000)
 compacting perm gen  total 12288K, used 3989K [0x33870000, 0x34470000, 0x37870000)
   the space 12288K,  32% used [0x33870000, 0x33c55590, 0x33c55600, 0x34470000)
    ro space 10240K,  45% used [0x37870000, 0x37cf3958, 0x37cf3a00, 0x38270000)
    rw space 12288K,  54% used [0x38270000, 0x388f7498, 0x388f7600, 0x38e70000)
}
Event: 20.272 GC heap before
{Heap before GC invocations=408 (full 0):
 def new generation   total 4928K, used 4470K [0x23870000, 0x23dc0000, 0x28dc0000)
  eden space 4416K, 100% used [0x23870000, 0x23cc0000, 0x23cc0000)
  from space 512K,  10% used [0x23cc0000, 0x23ccd980, 0x23d40000)
  to   space 512K,   0% used [0x23d40000, 0x23d40000, 0x23dc0000)
 tenured generation   total 10944K, used 5930K [0x28dc0000, 0x29870000, 0x33870000)
   the space 10944K,  54% used [0x28dc0000, 0x2938a880, 0x2938aa00, 0x29870000)
 compacting perm gen  total 12288K, used 3989K [0x33870000, 0x34470000, 0x37870000)
   the space 12288K,  32% used [0x33870000, 0x33c55590, 0x33c55600, 0x34470000)
    ro space 10240K,  45% used [0x37870000, 0x37cf3958, 0x37cf3a00, 0x38270000)
    rw space 12288K,  54% used [0x38270000, 0x388f7498, 0x388f7600, 0x38e70000)
Event: 20.273 GC heap after
Heap after GC invocations=409 (full 0):
 def new generation   total 4928K, used 54K [0x23870000, 0x23dc0000, 0x28dc0000)
  eden space 4416K,   0% used [0x23870000, 0x23870000, 0x23cc0000)
  from space 512K,  10% used [0x23d40000, 0x23d4d958, 0x23dc0000)
  to   space 512K,   0% used [0x23cc0000, 0x23cc0000, 0x23d40000)
 tenured generation   total 10944K, used 5933K [0x28dc0000, 0x29870000, 0x33870000)
   the space 10944K,  54% used [0x28dc0000, 0x2938b5a8, 0x2938b600, 0x29870000)
 compacting perm gen  total 12288K, used 3989K [0x33870000, 0x34470000, 0x37870000)
   the space 12288K,  32% used [0x33870000, 0x33c55590, 0x33c55600, 0x34470000)
    ro space 10240K,  45% used [0x37870000, 0x37cf3958, 0x37cf3a00, 0x38270000)
    rw space 12288K,  54% used [0x38270000, 0x388f7498, 0x388f7600, 0x38e70000)
}
Event: 20.288 GC heap before
{Heap before GC invocations=409 (full 0):
 def new generation   total 4928K, used 4470K [0x23870000, 0x23dc0000, 0x28dc0000)
  eden space 4416K, 100% used [0x23870000, 0x23cc0000, 0x23cc0000)
  from space 512K,  10% used [0x23d40000, 0x23d4d958, 0x23dc0000)
  to   space 512K,   0% used [0x23cc0000, 0x23cc0000, 0x23d40000)
 tenured generation   total 10944K, used 5933K [0x28dc0000, 0x29870000, 0x33870000)
   the space 10944K,  54% used [0x28dc0000, 0x2938b5a8, 0x2938b600, 0x29870000)
 compacting perm gen  total 12288K, used 3989K [0x33870000, 0x34470000, 0x37870000)
   the space 12288K,  32% used [0x33870000, 0x33c55590, 0x33c55600, 0x34470000)
    ro space 10240K,  45% used [0x37870000, 0x37cf3958, 0x37cf3a00, 0x38270000)
    rw space 12288K,  54% used [0x38270000, 0x388f7498, 0x388f7600, 0x38e70000)
Event: 20.289 GC heap after
Heap after GC invocations=410 (full 0):
 def new generation   total 4928K, used 54K [0x23870000, 0x23dc0000, 0x28dc0000)
  eden space 4416K,   0% used [0x23870000, 0x23870000, 0x23cc0000)
  from space 512K,  10% used [0x23cc0000, 0x23ccd9a0, 0x23d40000)
  to   space 512K,   0% used [0x23d40000, 0x23d40000, 0x23dc0000)
 tenured generation   total 10944K, used 5936K [0x28dc0000, 0x29870000, 0x33870000)
   the space 10944K,  54% used [0x28dc0000, 0x2938c280, 0x2938c400, 0x29870000)
 compacting perm gen  total 12288K, used 3989K [0x33870000, 0x34470000, 0x37870000)
   the space 12288K,  32% used [0x33870000, 0x33c55590, 0x33c55600, 0x34470000)
    ro space 10240K,  45% used [0x37870000, 0x37cf3958, 0x37cf3a00, 0x38270000)
    rw space 12288K,  54% used [0x38270000, 0x388f7498, 0x388f7600, 0x38e70000)
}
Event: 20.301 GC heap before
{Heap before GC invocations=410 (full 0):
 def new generation   total 4928K, used 4470K [0x23870000, 0x23dc0000, 0x28dc0000)
  eden space 4416K, 100% used [0x23870000, 0x23cc0000, 0x23cc0000)
  from space 512K,  10% used [0x23cc0000, 0x23ccd9a0, 0x23d40000)
  to   space 512K,   0% used [0x23d40000, 0x23d40000, 0x23dc0000)
 tenured generation   total 10944K, used 5936K [0x28dc0000, 0x29870000, 0x33870000)
   the space 10944K,  54% used [0x28dc0000, 0x2938c280, 0x2938c400, 0x29870000)
 compacting perm gen  total 12288K, used 3989K [0x33870000, 0x34470000, 0x37870000)
   the space 12288K,  32% used [0x33870000, 0x33c55590, 0x33c55600, 0x34470000)
    ro space 10240K,  45% used [0x37870000, 0x37cf3958, 0x37cf3a00, 0x38270000)
    rw space 12288K,  54% used [0x38270000, 0x388f7498, 0x388f7600, 0x38e70000)
Event: 20.304 GC heap after
Heap after GC invocations=411 (full 0):
 def new generation   total 4928K, used 69K [0x23870000, 0x23dc0000, 0x28dc0000)
  eden space 4416K,   0% used [0x23870000, 0x23870000, 0x23cc0000)
  from space 512K,  13% used [0x23d40000, 0x23d51658, 0x23dc0000)
  to   space 512K,   0% used [0x23cc0000, 0x23cc0000, 0x23d40000)
 tenured generation   total 10944K, used 5939K [0x28dc0000, 0x29870000, 0x33870000)
   the space 10944K,  54% used [0x28dc0000, 0x2938ce80, 0x2938d000, 0x29870000)
 compacting perm gen  total 12288K, used 3989K [0x33870000, 0x34470000, 0x37870000)
   the space 12288K,  32% used [0x33870000, 0x33c55590, 0x33c55600, 0x34470000)
    ro space 10240K,  45% used [0x37870000, 0x37cf3958, 0x37cf3a00, 0x38270000)
    rw space 12288K,  54% used [0x38270000, 0x388f7498, 0x388f7600, 0x38e70000)
}
Event: 20.317 GC heap before
{Heap before GC invocations=411 (full 0):
 def new generation   total 4928K, used 4485K [0x23870000, 0x23dc0000, 0x28dc0000)
  eden space 4416K, 100% used [0x23870000, 0x23cc0000, 0x23cc0000)
  from space 512K,  13% used [0x23d40000, 0x23d51658, 0x23dc0000)
  to   space 512K,   0% used [0x23cc0000, 0x23cc0000, 0x23d40000)
 tenured generation   total 10944K, used 5939K [0x28dc0000, 0x29870000, 0x33870000)
   the space 10944K,  54% used [0x28dc0000, 0x2938ce80, 0x2938d000, 0x29870000)
 compacting perm gen  total 12288K, used 3989K [0x33870000, 0x34470000, 0x37870000)
   the space 12288K,  32% used [0x33870000, 0x33c55590, 0x33c55600, 0x34470000)
    ro space 10240K,  45% used [0x37870000, 0x37cf3958, 0x37cf3a00, 0x38270000)
    rw space 12288K,  54% used [0x38270000, 0x388f7498, 0x388f7600, 0x38e70000)
Event: 20.319 GC heap after
Heap after GC invocations=412 (full 0):
 def new generation   total 4928K, used 59K [0x23870000, 0x23dc0000, 0x28dc0000)
  eden space 4416K,   0% used [0x23870000, 0x23870000, 0x23cc0000)
  from space 512K,  11% used [0x23cc0000, 0x23ccee28, 0x23d40000)
  to   space 512K,   0% used [0x23d40000, 0x23d40000, 0x23dc0000)
 tenured generation   total 10944K, used 5942K [0x28dc0000, 0x29870000, 0x33870000)
   the space 10944K,  54% used [0x28dc0000, 0x2938db28, 0x2938dc00, 0x29870000)
 compacting perm gen  total 12288K, used 3989K [0x33870000, 0x34470000, 0x37870000)
   the space 12288K,  32% used [0x33870000, 0x33c55590, 0x33c55600, 0x34470000)
    ro space 10240K,  45% used [0x37870000, 0x37cf3958, 0x37cf3a00, 0x38270000)
    rw space 12288K,  54% used [0x38270000, 0x388f7498, 0x388f7600, 0x38e70000)
}

